<?xml version="1.0" encoding="UTF-8"?>
<testng-results skipped="0" failed="0" ignored="0" total="1" passed="1">
  <reporter-output>
  </reporter-output>
  <suite name="Default suite" duration-ms="16387" started-at="2022-06-27T13:30:09 IST" finished-at="2022-06-27T13:30:25 IST">
    <groups>
    </groups>
    <test name="Default test" duration-ms="16387" started-at="2022-06-27T13:30:09 IST" finished-at="2022-06-27T13:30:25 IST">
      <class name="com.cjc.webpage.flip.test.Test">
        <test-method status="PASS" signature="openBrowser()[pri:0, instance:com.cjc.webpage.flip.test.Test@305fd85d]" name="openBrowser" is-config="true" duration-ms="2936" started-at="2022-06-27T13:30:06 IST" finished-at="2022-06-27T13:30:09 IST">
          <reporter-output>
          </reporter-output>
        </test-method> <!-- openBrowser -->
        <test-method status="PASS" signature="openurl()[pri:0, instance:com.cjc.webpage.flip.test.Test@305fd85d]" name="openurl" is-config="true" duration-ms="4125" started-at="2022-06-27T13:30:09 IST" finished-at="2022-06-27T13:30:13 IST">
          <reporter-output>
          </reporter-output>
        </test-method> <!-- openurl -->
        <test-method status="PASS" signature="test()[pri:0, instance:com.cjc.webpage.flip.test.Test@305fd85d]" name="test" duration-ms="11330" started-at="2022-06-27T13:30:13 IST" finished-at="2022-06-27T13:30:24 IST">
          <reporter-output>
          </reporter-output>
        </test-method> <!-- test -->
        <test-method status="PASS" signature="Screenshot()[pri:0, instance:com.cjc.webpage.flip.test.Test@305fd85d]" name="Screenshot" is-config="true" duration-ms="855" started-at="2022-06-27T13:30:24 IST" finished-at="2022-06-27T13:30:25 IST">
          <reporter-output>
          </reporter-output>
        </test-method> <!-- Screenshot -->
        <test-method status="PASS" signature="cookies()[pri:0, instance:com.cjc.webpage.flip.test.Test@305fd85d]" name="cookies" is-config="true" duration-ms="0" started-at="2022-06-27T13:30:25 IST" finished-at="2022-06-27T13:30:25 IST">
          <reporter-output>
          </reporter-output>
        </test-method> <!-- cookies -->
        <test-method status="PASS" signature="DBclose()[pri:0, instance:com.cjc.webpage.flip.test.Test@305fd85d]" name="DBclose" is-config="true" duration-ms="1" started-at="2022-06-27T13:30:25 IST" finished-at="2022-06-27T13:30:25 IST">
          <reporter-output>
          </reporter-output>
        </test-method> <!-- DBclose -->
        <test-method status="PASS" signature="afterSuite()[pri:0, instance:com.cjc.webpage.flip.test.Test@305fd85d]" name="afterSuite" is-config="true" duration-ms="387" started-at="2022-06-27T13:30:25 IST" finished-at="2022-06-27T13:30:25 IST">
          <reporter-output>
          </reporter-output>
        </test-method> <!-- afterSuite -->
      </class> <!-- com.cjc.webpage.flip.test.Test -->
    </test> <!-- Default test -->
  </suite> <!-- Default suite -->
</testng-results>
